build/app/intermediates/manifest_merge_blame_file/debug/manifest-merger-blame-debug-report.txt
1<?xml version="1.0" encoding="utf-8"?>
2<manifest xmlns:android="http://schemas.android.com/apk/res/android"
3    package="com.example.biometrics"
4    android:versionCode="1"
5    android:versionName="1.0.0" >
6
7    <uses-sdk
8        android:minSdkVersion="21"
9        android:targetSdkVersion="34" />
10    <!--
11         The INTERNET permission is required for development. Specifically,
12         the Flutter tool needs it to communicate with the running application
13         to allow setting breakpoints, to provide hot reload, etc.
14    -->
15    <uses-permission android:name="android.permission.INTERNET" />
15-->src\main\AndroidManifest.xml:7:5-66
15-->src\main\AndroidManifest.xml:7:22-64
16    <!-- Permissions -->
17    <uses-permission android:name="android.permission.WRITE_EXTERNAL_STORAGE" />
17-->src\main\AndroidManifest.xml:5:5-80
17-->src\main\AndroidManifest.xml:5:22-78
18    <uses-permission android:name="android.permission.READ_EXTERNAL_STORAGE" /> <!-- Queries (used for intent resolution) -->
18-->src\main\AndroidManifest.xml:6:5-79
18-->src\main\AndroidManifest.xml:6:22-77
19    <queries>
19-->src\main\AndroidManifest.xml:42:5-47:15
20        <intent>
20-->src\main\AndroidManifest.xml:43:9-46:18
21            <action android:name="android.intent.action.PROCESS_TEXT" />
21-->src\main\AndroidManifest.xml:44:13-72
21-->src\main\AndroidManifest.xml:44:21-70
22
23            <data android:mimeType="text/plain" />
23-->src\main\AndroidManifest.xml:45:13-50
23-->src\main\AndroidManifest.xml:45:19-48
24        </intent>
25    </queries>
26
27    <uses-permission android:name="android.permission.FOREGROUND_SERVICE" />
27-->[:flutter_background_service_android] AndroidManifest.xml:7:5-77
27-->[:flutter_background_service_android] AndroidManifest.xml:7:22-74
28    <uses-permission android:name="android.permission.RECEIVE_BOOT_COMPLETED" />
28-->[:flutter_background_service_android] AndroidManifest.xml:8:5-81
28-->[:flutter_background_service_android] AndroidManifest.xml:8:22-78
29    <uses-permission android:name="android.permission.WAKE_LOCK" />
29-->[:flutter_background_service_android] AndroidManifest.xml:9:5-68
29-->[:flutter_background_service_android] AndroidManifest.xml:9:22-65
30    <uses-permission android:name="android.permission.VIBRATE" />
30-->[:flutter_local_notifications] AndroidManifest.xml:7:5-66
30-->[:flutter_local_notifications] AndroidManifest.xml:7:22-63
31    <uses-permission android:name="android.permission.POST_NOTIFICATIONS" />
31-->[:flutter_local_notifications] AndroidManifest.xml:8:5-77
31-->[:flutter_local_notifications] AndroidManifest.xml:8:22-74
32    <uses-permission android:name="android.permission.ACCESS_NETWORK_STATE" />
32-->[androidx.work:work-runtime:2.8.1] AndroidManifest.xml:24:5-79
32-->[androidx.work:work-runtime:2.8.1] AndroidManifest.xml:24:22-76
33
34    <permission
34-->[androidx.core:core:1.13.1] AndroidManifest.xml:22:5-24:47
35        android:name="com.example.biometrics.DYNAMIC_RECEIVER_NOT_EXPORTED_PERMISSION"
35-->[androidx.core:core:1.13.1] AndroidManifest.xml:23:9-81
36        android:protectionLevel="signature" />
36-->[androidx.core:core:1.13.1] AndroidManifest.xml:24:9-44
37
38    <uses-permission android:name="com.example.biometrics.DYNAMIC_RECEIVER_NOT_EXPORTED_PERMISSION" />
38-->[androidx.core:core:1.13.1] AndroidManifest.xml:26:5-97
38-->[androidx.core:core:1.13.1] AndroidManifest.xml:26:22-94
39
40    <application
41        android:name="android.app.Application"
42        android:appComponentFactory="androidx.core.app.CoreComponentFactory"
42-->[androidx.core:core:1.13.1] AndroidManifest.xml:28:18-86
43        android:debuggable="true"
44        android:enableOnBackInvokedCallback="true"
45        android:icon="@mipmap/ic_launcher"
46        android:label="biometrics"
47        android:requestLegacyExternalStorage="true" >
48
49        <!-- MainActivity Declaration -->
50        <activity
51            android:name="com.example.biometrics.MainActivity"
52            android:configChanges="orientation|keyboardHidden|keyboard|screenSize|smallestScreenSize|locale|layoutDirection|fontScale|screenLayout|density|uiMode"
53            android:exported="true"
54            android:hardwareAccelerated="true"
55            android:launchMode="singleTop"
56            android:theme="@style/LaunchTheme"
57            android:windowSoftInputMode="adjustResize" >
58            <meta-data
59                android:name="io.flutter.embedding.android.NormalTheme"
60                android:resource="@style/NormalTheme" />
61
62            <intent-filter>
63                <action android:name="android.intent.action.MAIN" />
64
65                <category android:name="android.intent.category.LAUNCHER" />
66            </intent-filter>
67        </activity>
68
69        <!-- Flutter Embedding Version -->
70        <meta-data
71            android:name="flutterEmbedding"
72            android:value="2" />
73
74        <service
74-->[:flutter_background_service_android] AndroidManifest.xml:12:9-16:44
75            android:name="id.flutter.flutter_background_service.BackgroundService"
75-->[:flutter_background_service_android] AndroidManifest.xml:13:13-83
76            android:enabled="true"
76-->[:flutter_background_service_android] AndroidManifest.xml:14:13-35
77            android:exported="true"
77-->[:flutter_background_service_android] AndroidManifest.xml:15:13-36
78            android:stopWithTask="false" />
78-->[:flutter_background_service_android] AndroidManifest.xml:16:13-41
79
80        <receiver
80-->[:flutter_background_service_android] AndroidManifest.xml:18:9-21:39
81            android:name="id.flutter.flutter_background_service.WatchdogReceiver"
81-->[:flutter_background_service_android] AndroidManifest.xml:19:13-82
82            android:enabled="true"
82-->[:flutter_background_service_android] AndroidManifest.xml:20:13-35
83            android:exported="true" />
83-->[:flutter_background_service_android] AndroidManifest.xml:21:13-36
84        <receiver
84-->[:flutter_background_service_android] AndroidManifest.xml:22:9-31:20
85            android:name="id.flutter.flutter_background_service.BootReceiver"
85-->[:flutter_background_service_android] AndroidManifest.xml:23:13-78
86            android:enabled="true"
86-->[:flutter_background_service_android] AndroidManifest.xml:24:13-35
87            android:exported="true" >
87-->[:flutter_background_service_android] AndroidManifest.xml:25:13-36
88            <intent-filter>
88-->[:flutter_background_service_android] AndroidManifest.xml:26:13-30:29
89                <action android:name="android.intent.action.BOOT_COMPLETED" />
89-->[:flutter_background_service_android] AndroidManifest.xml:27:17-79
89-->[:flutter_background_service_android] AndroidManifest.xml:27:25-76
90                <action android:name="android.intent.action.QUICKBOOT_POWERON" />
90-->[:flutter_background_service_android] AndroidManifest.xml:28:17-82
90-->[:flutter_background_service_android] AndroidManifest.xml:28:25-79
91                <action android:name="android.intent.action.MY_PACKAGE_REPLACED" />
91-->[:flutter_background_service_android] AndroidManifest.xml:29:17-84
91-->[:flutter_background_service_android] AndroidManifest.xml:29:25-81
92            </intent-filter>
93        </receiver>
94
95        <provider
95-->[:flutter_email_sender] AndroidManifest.xml:8:9-16:20
96            android:name="com.sidlatau.flutteremailsender.FlutterEmailSenderFileProvider"
96-->[:flutter_email_sender] AndroidManifest.xml:9:13-90
97            android:authorities="com.example.biometrics.file_provider"
97-->[:flutter_email_sender] AndroidManifest.xml:10:13-65
98            android:exported="false"
98-->[:flutter_email_sender] AndroidManifest.xml:11:13-37
99            android:grantUriPermissions="true" >
99-->[:flutter_email_sender] AndroidManifest.xml:12:13-47
100            <meta-data
100-->[:flutter_email_sender] AndroidManifest.xml:13:13-15:61
101                android:name="android.support.FILE_PROVIDER_PATHS"
101-->[:flutter_email_sender] AndroidManifest.xml:14:17-67
102                android:resource="@xml/shared_file_paths" />
102-->[:flutter_email_sender] AndroidManifest.xml:15:17-58
103        </provider>
104        <!--
105           Declares a provider which allows us to store files to share in
106           '.../caches/share_plus' and grant the receiving action access
107        -->
108        <provider
108-->[:share_plus] AndroidManifest.xml:13:9-21:20
109            android:name="dev.fluttercommunity.plus.share.ShareFileProvider"
109-->[:share_plus] AndroidManifest.xml:14:13-77
110            android:authorities="com.example.biometrics.flutter.share_provider"
110-->[:share_plus] AndroidManifest.xml:15:13-74
111            android:exported="false"
111-->[:share_plus] AndroidManifest.xml:16:13-37
112            android:grantUriPermissions="true" >
112-->[:share_plus] AndroidManifest.xml:17:13-47
113            <meta-data
113-->[:flutter_email_sender] AndroidManifest.xml:13:13-15:61
114                android:name="android.support.FILE_PROVIDER_PATHS"
114-->[:flutter_email_sender] AndroidManifest.xml:14:17-67
115                android:resource="@xml/flutter_share_file_paths" />
115-->[:flutter_email_sender] AndroidManifest.xml:15:17-58
116        </provider>
117        <!--
118           This manifest declared broadcast receiver allows us to use an explicit
119           Intent when creating a PendingItent to be informed of the user's choice
120        -->
121        <receiver
121-->[:share_plus] AndroidManifest.xml:26:9-32:20
122            android:name="dev.fluttercommunity.plus.share.SharePlusPendingIntent"
122-->[:share_plus] AndroidManifest.xml:27:13-82
123            android:exported="false" >
123-->[:share_plus] AndroidManifest.xml:28:13-37
124            <intent-filter>
124-->[:share_plus] AndroidManifest.xml:29:13-31:29
125                <action android:name="EXTRA_CHOSEN_COMPONENT" />
125-->[:share_plus] AndroidManifest.xml:30:17-65
125-->[:share_plus] AndroidManifest.xml:30:25-62
126            </intent-filter>
127        </receiver>
128
129        <provider
129-->[androidx.work:work-runtime:2.8.1] AndroidManifest.xml:29:9-37:20
130            android:name="androidx.startup.InitializationProvider"
130-->[androidx.work:work-runtime:2.8.1] AndroidManifest.xml:30:13-67
131            android:authorities="com.example.biometrics.androidx-startup"
131-->[androidx.work:work-runtime:2.8.1] AndroidManifest.xml:31:13-68
132            android:exported="false" >
132-->[androidx.work:work-runtime:2.8.1] AndroidManifest.xml:32:13-37
133            <meta-data
133-->[androidx.work:work-runtime:2.8.1] AndroidManifest.xml:34:13-36:52
134                android:name="androidx.work.WorkManagerInitializer"
134-->[androidx.work:work-runtime:2.8.1] AndroidManifest.xml:35:17-68
135                android:value="androidx.startup" />
135-->[androidx.work:work-runtime:2.8.1] AndroidManifest.xml:36:17-49
136            <meta-data
136-->[androidx.emoji2:emoji2:1.2.0] AndroidManifest.xml:29:13-31:52
137                android:name="androidx.emoji2.text.EmojiCompatInitializer"
137-->[androidx.emoji2:emoji2:1.2.0] AndroidManifest.xml:30:17-75
138                android:value="androidx.startup" />
138-->[androidx.emoji2:emoji2:1.2.0] AndroidManifest.xml:31:17-49
139            <meta-data
139-->[androidx.lifecycle:lifecycle-process:2.7.0] AndroidManifest.xml:29:13-31:52
140                android:name="androidx.lifecycle.ProcessLifecycleInitializer"
140-->[androidx.lifecycle:lifecycle-process:2.7.0] AndroidManifest.xml:30:17-78
141                android:value="androidx.startup" />
141-->[androidx.lifecycle:lifecycle-process:2.7.0] AndroidManifest.xml:31:17-49
142            <meta-data
142-->[androidx.profileinstaller:profileinstaller:1.3.1] AndroidManifest.xml:29:13-31:52
143                android:name="androidx.profileinstaller.ProfileInstallerInitializer"
143-->[androidx.profileinstaller:profileinstaller:1.3.1] AndroidManifest.xml:30:17-85
144                android:value="androidx.startup" />
144-->[androidx.profileinstaller:profileinstaller:1.3.1] AndroidManifest.xml:31:17-49
145        </provider>
146
147        <service
147-->[androidx.work:work-runtime:2.8.1] AndroidManifest.xml:39:9-45:35
148            android:name="androidx.work.impl.background.systemalarm.SystemAlarmService"
148-->[androidx.work:work-runtime:2.8.1] AndroidManifest.xml:40:13-88
149            android:directBootAware="false"
149-->[androidx.work:work-runtime:2.8.1] AndroidManifest.xml:41:13-44
150            android:enabled="@bool/enable_system_alarm_service_default"
150-->[androidx.work:work-runtime:2.8.1] AndroidManifest.xml:42:13-72
151            android:exported="false" />
151-->[androidx.work:work-runtime:2.8.1] AndroidManifest.xml:43:13-37
152        <service
152-->[androidx.work:work-runtime:2.8.1] AndroidManifest.xml:46:9-52:35
153            android:name="androidx.work.impl.background.systemjob.SystemJobService"
153-->[androidx.work:work-runtime:2.8.1] AndroidManifest.xml:47:13-84
154            android:directBootAware="false"
154-->[androidx.work:work-runtime:2.8.1] AndroidManifest.xml:48:13-44
155            android:enabled="@bool/enable_system_job_service_default"
155-->[androidx.work:work-runtime:2.8.1] AndroidManifest.xml:49:13-70
156            android:exported="true"
156-->[androidx.work:work-runtime:2.8.1] AndroidManifest.xml:50:13-36
157            android:permission="android.permission.BIND_JOB_SERVICE" />
157-->[androidx.work:work-runtime:2.8.1] AndroidManifest.xml:51:13-69
158        <service
158-->[androidx.work:work-runtime:2.8.1] AndroidManifest.xml:53:9-59:35
159            android:name="androidx.work.impl.foreground.SystemForegroundService"
159-->[androidx.work:work-runtime:2.8.1] AndroidManifest.xml:54:13-81
160            android:directBootAware="false"
160-->[androidx.work:work-runtime:2.8.1] AndroidManifest.xml:55:13-44
161            android:enabled="@bool/enable_system_foreground_service_default"
161-->[androidx.work:work-runtime:2.8.1] AndroidManifest.xml:56:13-77
162            android:exported="false" />
162-->[androidx.work:work-runtime:2.8.1] AndroidManifest.xml:57:13-37
163
164        <receiver
164-->[androidx.work:work-runtime:2.8.1] AndroidManifest.xml:61:9-66:35
165            android:name="androidx.work.impl.utils.ForceStopRunnable$BroadcastReceiver"
165-->[androidx.work:work-runtime:2.8.1] AndroidManifest.xml:62:13-88
166            android:directBootAware="false"
166-->[androidx.work:work-runtime:2.8.1] AndroidManifest.xml:63:13-44
167            android:enabled="true"
167-->[androidx.work:work-runtime:2.8.1] AndroidManifest.xml:64:13-35
168            android:exported="false" />
168-->[androidx.work:work-runtime:2.8.1] AndroidManifest.xml:65:13-37
169        <receiver
169-->[androidx.work:work-runtime:2.8.1] AndroidManifest.xml:67:9-77:20
170            android:name="androidx.work.impl.background.systemalarm.ConstraintProxy$BatteryChargingProxy"
170-->[androidx.work:work-runtime:2.8.1] AndroidManifest.xml:68:13-106
171            android:directBootAware="false"
171-->[androidx.work:work-runtime:2.8.1] AndroidManifest.xml:69:13-44
172            android:enabled="false"
172-->[androidx.work:work-runtime:2.8.1] AndroidManifest.xml:70:13-36
173            android:exported="false" >
173-->[androidx.work:work-runtime:2.8.1] AndroidManifest.xml:71:13-37
174            <intent-filter>
174-->[androidx.work:work-runtime:2.8.1] AndroidManifest.xml:73:13-76:29
175                <action android:name="android.intent.action.ACTION_POWER_CONNECTED" />
175-->[androidx.work:work-runtime:2.8.1] AndroidManifest.xml:74:17-87
175-->[androidx.work:work-runtime:2.8.1] AndroidManifest.xml:74:25-84
176                <action android:name="android.intent.action.ACTION_POWER_DISCONNECTED" />
176-->[androidx.work:work-runtime:2.8.1] AndroidManifest.xml:75:17-90
176-->[androidx.work:work-runtime:2.8.1] AndroidManifest.xml:75:25-87
177            </intent-filter>
178        </receiver>
179        <receiver
179-->[androidx.work:work-runtime:2.8.1] AndroidManifest.xml:78:9-88:20
180            android:name="androidx.work.impl.background.systemalarm.ConstraintProxy$BatteryNotLowProxy"
180-->[androidx.work:work-runtime:2.8.1] AndroidManifest.xml:79:13-104
181            android:directBootAware="false"
181-->[androidx.work:work-runtime:2.8.1] AndroidManifest.xml:80:13-44
182            android:enabled="false"
182-->[androidx.work:work-runtime:2.8.1] AndroidManifest.xml:81:13-36
183            android:exported="false" >
183-->[androidx.work:work-runtime:2.8.1] AndroidManifest.xml:82:13-37
184            <intent-filter>
184-->[androidx.work:work-runtime:2.8.1] AndroidManifest.xml:84:13-87:29
185                <action android:name="android.intent.action.BATTERY_OKAY" />
185-->[androidx.work:work-runtime:2.8.1] AndroidManifest.xml:85:17-77
185-->[androidx.work:work-runtime:2.8.1] AndroidManifest.xml:85:25-74
186                <action android:name="android.intent.action.BATTERY_LOW" />
186-->[androidx.work:work-runtime:2.8.1] AndroidManifest.xml:86:17-76
186-->[androidx.work:work-runtime:2.8.1] AndroidManifest.xml:86:25-73
187            </intent-filter>
188        </receiver>
189        <receiver
189-->[androidx.work:work-runtime:2.8.1] AndroidManifest.xml:89:9-99:20
190            android:name="androidx.work.impl.background.systemalarm.ConstraintProxy$StorageNotLowProxy"
190-->[androidx.work:work-runtime:2.8.1] AndroidManifest.xml:90:13-104
191            android:directBootAware="false"
191-->[androidx.work:work-runtime:2.8.1] AndroidManifest.xml:91:13-44
192            android:enabled="false"
192-->[androidx.work:work-runtime:2.8.1] AndroidManifest.xml:92:13-36
193            android:exported="false" >
193-->[androidx.work:work-runtime:2.8.1] AndroidManifest.xml:93:13-37
194            <intent-filter>
194-->[androidx.work:work-runtime:2.8.1] AndroidManifest.xml:95:13-98:29
195                <action android:name="android.intent.action.DEVICE_STORAGE_LOW" />
195-->[androidx.work:work-runtime:2.8.1] AndroidManifest.xml:96:17-83
195-->[androidx.work:work-runtime:2.8.1] AndroidManifest.xml:96:25-80
196                <action android:name="android.intent.action.DEVICE_STORAGE_OK" />
196-->[androidx.work:work-runtime:2.8.1] AndroidManifest.xml:97:17-82
196-->[androidx.work:work-runtime:2.8.1] AndroidManifest.xml:97:25-79
197            </intent-filter>
198        </receiver>
199        <receiver
199-->[androidx.work:work-runtime:2.8.1] AndroidManifest.xml:100:9-109:20
200            android:name="androidx.work.impl.background.systemalarm.ConstraintProxy$NetworkStateProxy"
200-->[androidx.work:work-runtime:2.8.1] AndroidManifest.xml:101:13-103
201            android:directBootAware="false"
201-->[androidx.work:work-runtime:2.8.1] AndroidManifest.xml:102:13-44
202            android:enabled="false"
202-->[androidx.work:work-runtime:2.8.1] AndroidManifest.xml:103:13-36
203            android:exported="false" >
203-->[androidx.work:work-runtime:2.8.1] AndroidManifest.xml:104:13-37
204            <intent-filter>
204-->[androidx.work:work-runtime:2.8.1] AndroidManifest.xml:106:13-108:29
205                <action android:name="android.net.conn.CONNECTIVITY_CHANGE" />
205-->[androidx.work:work-runtime:2.8.1] AndroidManifest.xml:107:17-79
205-->[androidx.work:work-runtime:2.8.1] AndroidManifest.xml:107:25-76
206            </intent-filter>
207        </receiver>
208        <receiver
208-->[androidx.work:work-runtime:2.8.1] AndroidManifest.xml:110:9-121:20
209            android:name="androidx.work.impl.background.systemalarm.RescheduleReceiver"
209-->[androidx.work:work-runtime:2.8.1] AndroidManifest.xml:111:13-88
210            android:directBootAware="false"
210-->[androidx.work:work-runtime:2.8.1] AndroidManifest.xml:112:13-44
211            android:enabled="false"
211-->[androidx.work:work-runtime:2.8.1] AndroidManifest.xml:113:13-36
212            android:exported="false" >
212-->[androidx.work:work-runtime:2.8.1] AndroidManifest.xml:114:13-37
213            <intent-filter>
213-->[androidx.work:work-runtime:2.8.1] AndroidManifest.xml:116:13-120:29
214                <action android:name="android.intent.action.BOOT_COMPLETED" />
214-->[:flutter_background_service_android] AndroidManifest.xml:27:17-79
214-->[:flutter_background_service_android] AndroidManifest.xml:27:25-76
215                <action android:name="android.intent.action.TIME_SET" />
215-->[androidx.work:work-runtime:2.8.1] AndroidManifest.xml:118:17-73
215-->[androidx.work:work-runtime:2.8.1] AndroidManifest.xml:118:25-70
216                <action android:name="android.intent.action.TIMEZONE_CHANGED" />
216-->[androidx.work:work-runtime:2.8.1] AndroidManifest.xml:119:17-81
216-->[androidx.work:work-runtime:2.8.1] AndroidManifest.xml:119:25-78
217            </intent-filter>
218        </receiver>
219        <receiver
219-->[androidx.work:work-runtime:2.8.1] AndroidManifest.xml:122:9-131:20
220            android:name="androidx.work.impl.background.systemalarm.ConstraintProxyUpdateReceiver"
220-->[androidx.work:work-runtime:2.8.1] AndroidManifest.xml:123:13-99
221            android:directBootAware="false"
221-->[androidx.work:work-runtime:2.8.1] AndroidManifest.xml:124:13-44
222            android:enabled="@bool/enable_system_alarm_service_default"
222-->[androidx.work:work-runtime:2.8.1] AndroidManifest.xml:125:13-72
223            android:exported="false" >
223-->[androidx.work:work-runtime:2.8.1] AndroidManifest.xml:126:13-37
224            <intent-filter>
224-->[androidx.work:work-runtime:2.8.1] AndroidManifest.xml:128:13-130:29
225                <action android:name="androidx.work.impl.background.systemalarm.UpdateProxies" />
225-->[androidx.work:work-runtime:2.8.1] AndroidManifest.xml:129:17-98
225-->[androidx.work:work-runtime:2.8.1] AndroidManifest.xml:129:25-95
226            </intent-filter>
227        </receiver>
228        <receiver
228-->[androidx.work:work-runtime:2.8.1] AndroidManifest.xml:132:9-142:20
229            android:name="androidx.work.impl.diagnostics.DiagnosticsReceiver"
229-->[androidx.work:work-runtime:2.8.1] AndroidManifest.xml:133:13-78
230            android:directBootAware="false"
230-->[androidx.work:work-runtime:2.8.1] AndroidManifest.xml:134:13-44
231            android:enabled="true"
231-->[androidx.work:work-runtime:2.8.1] AndroidManifest.xml:135:13-35
232            android:exported="true"
232-->[androidx.work:work-runtime:2.8.1] AndroidManifest.xml:136:13-36
233            android:permission="android.permission.DUMP" >
233-->[androidx.work:work-runtime:2.8.1] AndroidManifest.xml:137:13-57
234            <intent-filter>
234-->[androidx.work:work-runtime:2.8.1] AndroidManifest.xml:139:13-141:29
235                <action android:name="androidx.work.diagnostics.REQUEST_DIAGNOSTICS" />
235-->[androidx.work:work-runtime:2.8.1] AndroidManifest.xml:140:17-88
235-->[androidx.work:work-runtime:2.8.1] AndroidManifest.xml:140:25-85
236            </intent-filter>
237        </receiver>
238
239        <service
239-->[androidx.room:room-runtime:2.5.0] AndroidManifest.xml:24:9-28:63
240            android:name="androidx.room.MultiInstanceInvalidationService"
240-->[androidx.room:room-runtime:2.5.0] AndroidManifest.xml:25:13-74
241            android:directBootAware="true"
241-->[androidx.room:room-runtime:2.5.0] AndroidManifest.xml:26:13-43
242            android:exported="false" />
242-->[androidx.room:room-runtime:2.5.0] AndroidManifest.xml:27:13-37
243
244        <uses-library
244-->[androidx.window:window:1.2.0] AndroidManifest.xml:23:9-25:40
245            android:name="androidx.window.extensions"
245-->[androidx.window:window:1.2.0] AndroidManifest.xml:24:13-54
246            android:required="false" />
246-->[androidx.window:window:1.2.0] AndroidManifest.xml:25:13-37
247        <uses-library
247-->[androidx.window:window:1.2.0] AndroidManifest.xml:26:9-28:40
248            android:name="androidx.window.sidecar"
248-->[androidx.window:window:1.2.0] AndroidManifest.xml:27:13-51
249            android:required="false" />
249-->[androidx.window:window:1.2.0] AndroidManifest.xml:28:13-37
250
251        <receiver
251-->[androidx.profileinstaller:profileinstaller:1.3.1] AndroidManifest.xml:34:9-52:20
252            android:name="androidx.profileinstaller.ProfileInstallReceiver"
252-->[androidx.profileinstaller:profileinstaller:1.3.1] AndroidManifest.xml:35:13-76
253            android:directBootAware="false"
253-->[androidx.profileinstaller:profileinstaller:1.3.1] AndroidManifest.xml:36:13-44
254            android:enabled="true"
254-->[androidx.profileinstaller:profileinstaller:1.3.1] AndroidManifest.xml:37:13-35
255            android:exported="true"
255-->[androidx.profileinstaller:profileinstaller:1.3.1] AndroidManifest.xml:38:13-36
256            android:permission="android.permission.DUMP" >
256-->[androidx.profileinstaller:profileinstaller:1.3.1] AndroidManifest.xml:39:13-57
257            <intent-filter>
257-->[androidx.profileinstaller:profileinstaller:1.3.1] AndroidManifest.xml:40:13-42:29
258                <action android:name="androidx.profileinstaller.action.INSTALL_PROFILE" />
258-->[androidx.profileinstaller:profileinstaller:1.3.1] AndroidManifest.xml:41:17-91
258-->[androidx.profileinstaller:profileinstaller:1.3.1] AndroidManifest.xml:41:25-88
259            </intent-filter>
260            <intent-filter>
260-->[androidx.profileinstaller:profileinstaller:1.3.1] AndroidManifest.xml:43:13-45:29
261                <action android:name="androidx.profileinstaller.action.SKIP_FILE" />
261-->[androidx.profileinstaller:profileinstaller:1.3.1] AndroidManifest.xml:44:17-85
261-->[androidx.profileinstaller:profileinstaller:1.3.1] AndroidManifest.xml:44:25-82
262            </intent-filter>
263            <intent-filter>
263-->[androidx.profileinstaller:profileinstaller:1.3.1] AndroidManifest.xml:46:13-48:29
264                <action android:name="androidx.profileinstaller.action.SAVE_PROFILE" />
264-->[androidx.profileinstaller:profileinstaller:1.3.1] AndroidManifest.xml:47:17-88
264-->[androidx.profileinstaller:profileinstaller:1.3.1] AndroidManifest.xml:47:25-85
265            </intent-filter>
266            <intent-filter>
266-->[androidx.profileinstaller:profileinstaller:1.3.1] AndroidManifest.xml:49:13-51:29
267                <action android:name="androidx.profileinstaller.action.BENCHMARK_OPERATION" />
267-->[androidx.profileinstaller:profileinstaller:1.3.1] AndroidManifest.xml:50:17-95
267-->[androidx.profileinstaller:profileinstaller:1.3.1] AndroidManifest.xml:50:25-92
268            </intent-filter>
269        </receiver>
270    </application>
271
272</manifest>